<?xml version="1.0" encoding="UTF-8"?>
<!-- Generated by org.testng.reporters.JUnitReportReporter -->
<testsuite hostname="LAPTOP-JLSUG9BU" failures="0" tests="1" name="com.kart.automatedemokart.Main" time="7.875" errors="0" timestamp="2025-08-27T16:07:05 IST" skipped="0">
  <testcase classname="com.kart.automatedemokart.Main" name="setup" time="7.875"/>
</testsuite> <!-- com.kart.automatedemokart.Main -->
